<?xml version="1.0" encoding="UTF-8"?>
<!-- Generated by org.testng.reporters.JUnitReportReporter -->
<testsuite hostname="DESKTOP-GUPA5RI" failures="0" tests="5" name="tests.formFilling" time="107.707" errors="0" timestamp="21 Jul 2021 19:26:52 GMT">
  <testcase classname="tests.formFilling" name="formFillingExcel" time="20.780"/>
  <testcase classname="tests.formFilling" name="formFillingExcel" time="20.650"/>
  <testcase classname="tests.formFilling" name="formFillingExcel" time="22.637"/>
  <testcase classname="tests.formFilling" name="rowCountPrint" time="21.806"/>
  <testcase classname="tests.formFilling" name="formFillingExcel" time="21.834"/>
</testsuite> <!-- tests.formFilling -->
