<?xml version="1.0" encoding="UTF-8"?>
<!-- Generated by org.testng.reporters.JUnitReportReporter -->
<testsuite hostname="DESKTOP-GUPA5RI" failures="0" tests="5" name="tests.formFilling" time="165.673" errors="0" timestamp="22 Jul 2021 01:52:32 GMT">
  <testcase classname="tests.formFilling" name="formFillingExcel" time="21.492"/>
  <testcase classname="tests.formFilling" name="formFillingExcel" time="21.316"/>
  <testcase classname="tests.formFilling" name="formFillingExcel" time="82.223"/>
  <testcase classname="tests.formFilling" name="formFillingExcel" time="20.477"/>
  <testcase classname="tests.formFilling" name="rowCountPrint" time="20.165"/>
</testsuite> <!-- tests.formFilling -->
